<?xml version="1.0" encoding="UTF-8"?>
<!-- Generated by org.testng.reporters.JUnitReportReporter -->
<testsuite skipped="0" hostname="DESKTOP-R5TRKDP" name="testcases.Login" tests="1" failures="0" timestamp="13 Aug 2019 01:05:32 GMT" time="22.249" errors="0">
  <testcase name="Login_with_valid_credentials" time="22.249" classname="testcases.Login"/>
</testsuite> <!-- testcases.Login -->
