<?xml version="1.0" encoding="UTF-8"?>
<!-- Generated by org.testng.reporters.JUnitReportReporter -->
<testsuite skipped="0" hostname="DESKTOP-R5TRKDP" name="testcases.MyProfile" tests="1" failures="0" timestamp="13 Aug 2019 01:05:32 GMT" time="84.914" errors="0">
  <testcase name="Edit_MyProfile" time="84.914" classname="testcases.MyProfile"/>
</testsuite> <!-- testcases.MyProfile -->
