<?xml version="1.0" encoding="UTF-8"?>
<!-- Generated by org.testng.reporters.JUnitReportReporter -->
<testsuite skipped="0" hostname="DESKTOP-R5TRKDP" name="testcases.ChangePassword" tests="1" failures="0" timestamp="14 Aug 2019 00:42:29 GMT" time="67.050" errors="0">
  <testcase name="Change_Password" time="67.050" classname="testcases.ChangePassword"/>
</testsuite> <!-- testcases.ChangePassword -->
