<?xml version="1.0" encoding="UTF-8"?>
<!-- Generated by org.testng.reporters.JUnitReportReporter -->
<testsuite skipped="0" hostname="DESKTOP-R5TRKDP" name="Appium.launchApp" tests="1" failures="0" timestamp="09 Aug 2019 19:54:55 GMT" time="7.143" errors="0">
  <testcase name="la" time="7.143" classname="Appium.launchApp"/>
</testsuite> <!-- Appium.launchApp -->
