<?xml version="1.0" encoding="UTF-8"?>
<!-- Generated by org.testng.reporters.JUnitReportReporter -->
<testsuite skipped="0" hostname="DESKTOP-R5TRKDP" name="testcases.Submit_Customer_Form" tests="1" failures="0" timestamp="14 Aug 2019 00:42:29 GMT" time="77.698" errors="0">
  <testcase name="Submit_Form" time="77.698" classname="testcases.Submit_Customer_Form"/>
</testsuite> <!-- testcases.Submit_Customer_Form -->
