<?xml version="1.0" encoding="UTF-8"?>
<!-- Generated by org.testng.reporters.JUnitReportReporter -->
<testsuite skipped="0" hostname="DESKTOP-R5TRKDP" name="testcases.TC002" tests="1" failures="0" timestamp="12 Aug 2019 22:26:00 GMT" time="118.557" errors="0">
  <testcase name="TC002" time="118.557" classname="testcases.TC002"/>
</testsuite> <!-- testcases.TC002 -->
