<?xml version="1.0" encoding="UTF-8"?>
<!-- Generated by org.testng.reporters.JUnitReportReporter -->
<testsuite skipped="0" hostname="DESKTOP-R5TRKDP" name="testcases.TC001Active_Postpaid_E28" tests="1" failures="0" timestamp="09 Aug 2019 21:03:19 GMT" time="21.442" errors="0">
  <testcase name="TC001" time="21.442" classname="testcases.TC001Active_Postpaid_E28"/>
</testsuite> <!-- testcases.TC001Active_Postpaid_E28 -->
