<?xml version="1.0" encoding="UTF-8"?>
<!-- Generated by org.testng.reporters.JUnitReportReporter -->
<testsuite skipped="0" hostname="DESKTOP-R5TRKDP" name="testcases.TC001ClickLoginButton" tests="1" failures="0" timestamp="09 Aug 2019 20:12:15 GMT" time="19.472" errors="0">
  <testcase name="LoginButton" time="19.472" classname="testcases.TC001ClickLoginButton"/>
</testsuite> <!-- testcases.TC001ClickLoginButton -->
