<?xml version="1.0" encoding="UTF-8"?>
<!-- Generated by org.testng.reporters.JUnitReportReporter -->
<testsuite skipped="0" hostname="DESKTOP-R5TRKDP" name="testcases.ForgetPassword" tests="1" failures="0" timestamp="14 Aug 2019 00:42:29 GMT" time="26.217" errors="0">
  <testcase name="Forget_Password" time="26.217" classname="testcases.ForgetPassword"/>
</testsuite> <!-- testcases.ForgetPassword -->
