<?xml version="1.0" encoding="UTF-8"?>
<!-- Generated by org.testng.reporters.JUnitReportReporter -->
<testsuite skipped="0" hostname="DESKTOP-R5TRKDP" name="testcases.Login" tests="1" failures="0" timestamp="14 Aug 2019 00:42:29 GMT" time="27.729" errors="0">
  <testcase name="Login_with_valid_credentials" time="27.729" classname="testcases.Login"/>
</testsuite> <!-- testcases.Login -->
