<?xml version="1.0" encoding="UTF-8"?>
<!-- Generated by org.testng.reporters.JUnitReportReporter -->
<testsuite skipped="0" hostname="DESKTOP-R5TRKDP" name="testcases.ForgetPassword" tests="1" failures="0" timestamp="13 Aug 2019 01:05:32 GMT" time="20.907" errors="0">
  <testcase name="Forget_Password" time="20.907" classname="testcases.ForgetPassword"/>
</testsuite> <!-- testcases.ForgetPassword -->
