<?xml version="1.0" encoding="UTF-8"?>
<!-- Generated by org.testng.reporters.JUnitReportReporter -->
<testsuite skipped="0" hostname="DESKTOP-R5TRKDP" name="testcases.TC001" tests="1" failures="0" timestamp="12 Aug 2019 22:20:51 GMT" time="44.497" errors="0">
  <testcase name="TC001" time="44.497" classname="testcases.TC001"/>
</testsuite> <!-- testcases.TC001 -->
