<?xml version="1.0" encoding="UTF-8"?>
<!-- Generated by org.testng.reporters.JUnitReportReporter -->
<testsuite skipped="0" hostname="DESKTOP-R5TRKDP" name="testcases.MyProfile" tests="1" failures="0" timestamp="14 Aug 2019 00:42:29 GMT" time="97.767" errors="0">
  <testcase name="Edit_MyProfile" time="97.767" classname="testcases.MyProfile"/>
</testsuite> <!-- testcases.MyProfile -->
